# JRE version: OpenJDK Runtime Environment Temurin-17.0.11+9 (17.0.11+9) (build 17.0.11+9)
# Java VM: OpenJDK 64-Bit Server VM Temurin-17.0.11+9 (17.0.11+9, mixed mode, tiered, compressed oops, compressed class ptrs, parallel gc, linux-amd64)
GC Precious Log:
 CPUs: 4 total, 4 available
 Memory: 6871M
 Large Page Support: Disabled
 NUMA Support: Disabled
 Compressed Oops: Enabled (32-bit)
 Alignments: Space 512K, Generation 512K, Heap 2M
 Heap Min Capacity: 100M
 Heap Initial Capacity: 100M
 Heap Max Capacity: 1G
 Pre-touch: Disabled
 Parallel Workers: 4
Heap:
 PSYoungGen      total 2048K, used 1659K [0x00000000eab00000, 0x00000000eae00000, 0x0000000100000000)
  eden space 1536K, 99% used [0x00000000eab00000,0x00000000eac7ee30,0x00000000eac80000)
  from space 512K, 25% used [0x00000000ead00000,0x00000000ead20000,0x00000000ead80000)
  to   space 512K, 0% used [0x00000000ead80000,0x00000000ead80000,0x00000000eae00000)
 ParOldGen       total 134656K, used 122260K [0x00000000c0000000, 0x00000000c8380000, 0x00000000eab00000)
  object space 134656K, 90% used [0x00000000c0000000,0x00000000c77651a0,0x00000000c8380000)
 Metaspace       used 99495K, committed 100928K, reserved 1179648K
  class space    used 10332K, committed 11072K, reserved 1048576K
GC Heap History (20 events):
Event: 2323,336 GC heap before
{Heap before GC invocations=2398 (full 49):
 PSYoungGen      total 2560K, used 2472K [0x00000000eab00000, 0x00000000eae80000, 0x0000000100000000)
  eden space 1536K, 100% used [0x00000000eab00000,0x00000000eac80000,0x00000000eac80000)
  from space 1024K, 91% used [0x00000000eac80000,0x00000000ead6a000,0x00000000ead80000)
  to   space 1024K, 0% used [0x00000000ead80000,0x00000000ead80000,0x00000000eae80000)
 ParOldGen       total 134656K, used 120115K [0x00000000c0000000, 0x00000000c8380000, 0x00000000eab00000)
  object space 134656K, 89% used [0x00000000c0000000,0x00000000c754cff8,0x00000000c8380000)
 Metaspace       used 99493K, committed 100928K, reserved 1179648K
  class space    used 10332K, committed 11072K, reserved 1048576K
}
Event: 2323,338 GC heap after
{Heap after GC invocations=2398 (full 49):
 PSYoungGen      total 2048K, used 1008K [0x00000000eab00000, 0x00000000eb000000, 0x0000000100000000)
  eden space 1024K, 0% used [0x00000000eab00000,0x00000000eab00000,0x00000000eac00000)
  from space 1024K, 98% used [0x00000000ead80000,0x00000000eae7c000,0x00000000eae80000)
  to   space 1536K, 0% used [0x00000000eac00000,0x00000000eac00000,0x00000000ead80000)
 ParOldGen       total 134656K, used 120843K [0x00000000c0000000, 0x00000000c8380000, 0x00000000eab00000)
  object space 134656K, 89% used [0x00000000c0000000,0x00000000c7602ff8,0x00000000c8380000)
 Metaspace       used 99493K, committed 100928K, reserved 1179648K
  class space    used 10332K, committed 11072K, reserved 1048576K
}
Event: 2323,343 GC heap before
{Heap before GC invocations=2399 (full 49):
 PSYoungGen      total 2048K, used 2032K [0x00000000eab00000, 0x00000000eb000000, 0x0000000100000000)
  eden space 1024K, 100% used [0x00000000eab00000,0x00000000eac00000,0x00000000eac00000)
  from space 1024K, 98% used [0x00000000ead80000,0x00000000eae7c000,0x00000000eae80000)
  to   space 1536K, 0% used [0x00000000eac00000,0x00000000eac00000,0x00000000ead80000)
 ParOldGen       total 134656K, used 120843K [0x00000000c0000000, 0x00000000c8380000, 0x00000000eab00000)
  object space 134656K, 89% used [0x00000000c0000000,0x00000000c7602ff8,0x00000000c8380000)
 Metaspace       used 99493K, committed 100928K, reserved 1179648K
  class space    used 10332K, committed 11072K, reserved 1048576K
}
Event: 2323,345 GC heap after
{Heap after GC invocations=2399 (full 49):
 PSYoungGen      total 2560K, used 256K [0x00000000eab00000, 0x00000000eae80000, 0x0000000100000000)
  eden space 1024K, 0% used [0x00000000eab00000,0x00000000eab00000,0x00000000eac00000)
  from space 1536K, 16% used [0x00000000eac00000,0x00000000eac40000,0x00000000ead80000)
  to   space 1024K, 0% used [0x00000000ead80000,0x00000000ead80000,0x00000000eae80000)
 ParOldGen       total 134656K, used 121766K [0x00000000c0000000, 0x00000000c8380000, 0x00000000eab00000)
  object space 134656K, 90% used [0x00000000c0000000,0x00000000c76e9b30,0x00000000c8380000)
 Metaspace       used 99493K, committed 100928K, reserved 1179648K
  class space    used 10332K, committed 11072K, reserved 1048576K
}
Event: 2323,415 GC heap before
{Heap before GC invocations=2400 (full 49):
 PSYoungGen      total 2560K, used 1280K [0x00000000eab00000, 0x00000000eae80000, 0x0000000100000000)
  eden space 1024K, 100% used [0x00000000eab00000,0x00000000eac00000,0x00000000eac00000)
  from space 1536K, 16% used [0x00000000eac00000,0x00000000eac40000,0x00000000ead80000)
  to   space 1024K, 0% used [0x00000000ead80000,0x00000000ead80000,0x00000000eae80000)
 ParOldGen       total 134656K, used 121766K [0x00000000c0000000, 0x00000000c8380000, 0x00000000eab00000)
  object space 134656K, 90% used [0x00000000c0000000,0x00000000c76e9b30,0x00000000c8380000)
 Metaspace       used 99495K, committed 100928K, reserved 1179648K
  class space    used 10332K, committed 11072K, reserved 1048576K
}
Event: 2323,417 GC heap after
{Heap after GC invocations=2400 (full 49):
 PSYoungGen      total 2048K, used 160K [0x00000000eab00000, 0x00000000eae00000, 0x0000000100000000)
  eden space 1536K, 0% used [0x00000000eab00000,0x00000000eab00000,0x00000000eac80000)
  from space 512K, 31% used [0x00000000ead80000,0x00000000eada8000,0x00000000eae00000)
  to   space 512K, 0% used [0x00000000ead00000,0x00000000ead00000,0x00000000ead80000)
 ParOldGen       total 134656K, used 121969K [0x00000000c0000000, 0x00000000c8380000, 0x00000000eab00000)
  object space 134656K, 90% used [0x00000000c0000000,0x00000000c771c668,0x00000000c8380000)
 Metaspace       used 99495K, committed 100928K, reserved 1179648K
  class space    used 10332K, committed 11072K, reserved 1048576K
}
Event: 2323,567 GC heap before
{Heap before GC invocations=2401 (full 49):
 PSYoungGen      total 2048K, used 1695K [0x00000000eab00000, 0x00000000eae00000, 0x0000000100000000)
  eden space 1536K, 99% used [0x00000000eab00000,0x00000000eac7fff8,0x00000000eac80000)
  from space 512K, 31% used [0x00000000ead80000,0x00000000eada8000,0x00000000eae00000)
  to   space 512K, 0% used [0x00000000ead00000,0x00000000ead00000,0x00000000ead80000)
 ParOldGen       total 134656K, used 121969K [0x00000000c0000000, 0x00000000c8380000, 0x00000000eab00000)
  object space 134656K, 90% used [0x00000000c0000000,0x00000000c771c668,0x00000000c8380000)
 Metaspace       used 99495K, committed 100928K, reserved 1179648K
  class space    used 10332K, committed 11072K, reserved 1048576K
}
Event: 2323,569 GC heap after
{Heap after GC invocations=2401 (full 49):
 PSYoungGen      total 2048K, used 496K [0x00000000eab00000, 0x00000000eae80000, 0x0000000100000000)
  eden space 1536K, 0% used [0x00000000eab00000,0x00000000eab00000,0x00000000eac80000)
  from space 512K, 96% used [0x00000000ead00000,0x00000000ead7c030,0x00000000ead80000)
  to   space 1024K, 0% used [0x00000000ead80000,0x00000000ead80000,0x00000000eae80000)
 ParOldGen       total 134656K, used 122073K [0x00000000c0000000, 0x00000000c8380000, 0x00000000eab00000)
  object space 134656K, 90% used [0x00000000c0000000,0x00000000c7736668,0x00000000c8380000)
 Metaspace       used 99495K, committed 100928K, reserved 1179648K
  class space    used 10332K, committed 11072K, reserved 1048576K
}
Event: 2323,602 GC heap before
{Heap before GC invocations=2402 (full 49):
 PSYoungGen      total 2048K, used 2032K [0x00000000eab00000, 0x00000000eae80000, 0x0000000100000000)
  eden space 1536K, 100% used [0x00000000eab00000,0x00000000eac80000,0x00000000eac80000)
  from space 512K, 96% used [0x00000000ead00000,0x00000000ead7c030,0x00000000ead80000)
  to   space 1024K, 0% used [0x00000000ead80000,0x00000000ead80000,0x00000000eae80000)
 ParOldGen       total 134656K, used 122073K [0x00000000c0000000, 0x00000000c8380000, 0x00000000eab00000)
  object space 134656K, 90% used [0x00000000c0000000,0x00000000c7736668,0x00000000c8380000)
 Metaspace       used 99495K, committed 100928K, reserved 1179648K
  class space    used 10332K, committed 11072K, reserved 1048576K
}
Event: 2323,604 GC heap after
{Heap after GC invocations=2402 (full 49):
 PSYoungGen      total 2048K, used 128K [0x00000000eab00000, 0x00000000eae00000, 0x0000000100000000)
  eden space 1536K, 0% used [0x00000000eab00000,0x00000000eab00000,0x00000000eac80000)
  from space 512K, 25% used [0x00000000ead80000,0x00000000eada0000,0x00000000eae00000)
  to   space 512K, 0% used [0x00000000ead00000,0x00000000ead00000,0x00000000ead80000)
 ParOldGen       total 134656K, used 122097K [0x00000000c0000000, 0x00000000c8380000, 0x00000000eab00000)
  object space 134656K, 90% used [0x00000000c0000000,0x00000000c773c668,0x00000000c8380000)
 Metaspace       used 99495K, committed 100928K, reserved 1179648K
  class space    used 10332K, committed 11072K, reserved 1048576K
}
Event: 2323,610 GC heap before
{Heap before GC invocations=2403 (full 49):
 PSYoungGen      total 2048K, used 1664K [0x00000000eab00000, 0x00000000eae00000, 0x0000000100000000)
  eden space 1536K, 100% used [0x00000000eab00000,0x00000000eac80000,0x00000000eac80000)
  from space 512K, 25% used [0x00000000ead80000,0x00000000eada0000,0x00000000eae00000)
  to   space 512K, 0% used [0x00000000ead00000,0x00000000ead00000,0x00000000ead80000)
 ParOldGen       total 134656K, used 122097K [0x00000000c0000000, 0x00000000c8380000, 0x00000000eab00000)
  object space 134656K, 90% used [0x00000000c0000000,0x00000000c773c668,0x00000000c8380000)
 Metaspace       used 99495K, committed 100928K, reserved 1179648K
  class space    used 10332K, committed 11072K, reserved 1048576K
}
Event: 2323,611 GC heap after
{Heap after GC invocations=2403 (full 49):
 PSYoungGen      total 2048K, used 288K [0x00000000eab00000, 0x00000000eae00000, 0x0000000100000000)
  eden space 1536K, 0% used [0x00000000eab00000,0x00000000eab00000,0x00000000eac80000)
  from space 512K, 56% used [0x00000000ead00000,0x00000000ead48020,0x00000000ead80000)
  to   space 512K, 0% used [0x00000000ead80000,0x00000000ead80000,0x00000000eae00000)
 ParOldGen       total 134656K, used 122129K [0x00000000c0000000, 0x00000000c8380000, 0x00000000eab00000)
  object space 134656K, 90% used [0x00000000c0000000,0x00000000c7744668,0x00000000c8380000)
 Metaspace       used 99495K, committed 100928K, reserved 1179648K
  class space    used 10332K, committed 11072K, reserved 1048576K
}
Event: 2327,283 GC heap before
{Heap before GC invocations=2404 (full 49):
 PSYoungGen      total 2048K, used 1824K [0x00000000eab00000, 0x00000000eae00000, 0x0000000100000000)
  eden space 1536K, 100% used [0x00000000eab00000,0x00000000eac80000,0x00000000eac80000)
  from space 512K, 56% used [0x00000000ead00000,0x00000000ead48020,0x00000000ead80000)
  to   space 512K, 0% used [0x00000000ead80000,0x00000000ead80000,0x00000000eae00000)
 ParOldGen       total 134656K, used 122129K [0x00000000c0000000, 0x00000000c8380000, 0x00000000eab00000)
  object space 134656K, 90% used [0x00000000c0000000,0x00000000c7744668,0x00000000c8380000)
 Metaspace       used 99495K, committed 100928K, reserved 1179648K
  class space    used 10332K, committed 11072K, reserved 1048576K
}
Event: 2327,285 GC heap after
{Heap after GC invocations=2404 (full 49):
 PSYoungGen      total 2048K, used 128K [0x00000000eab00000, 0x00000000eae00000, 0x0000000100000000)
  eden space 1536K, 0% used [0x00000000eab00000,0x00000000eab00000,0x00000000eac80000)
  from space 512K, 25% used [0x00000000ead80000,0x00000000eada0000,0x00000000eae00000)
  to   space 512K, 0% used [0x00000000ead00000,0x00000000ead00000,0x00000000ead80000)
 ParOldGen       total 134656K, used 122201K [0x00000000c0000000, 0x00000000c8380000, 0x00000000eab00000)
  object space 134656K, 90% used [0x00000000c0000000,0x00000000c7756688,0x00000000c8380000)
 Metaspace       used 99495K, committed 100928K, reserved 1179648K
  class space    used 10332K, committed 11072K, reserved 1048576K
}
Event: 2334,202 GC heap before
{Heap before GC invocations=2405 (full 49):
 PSYoungGen      total 2048K, used 1664K [0x00000000eab00000, 0x00000000eae00000, 0x0000000100000000)
  eden space 1536K, 100% used [0x00000000eab00000,0x00000000eac80000,0x00000000eac80000)
  from space 512K, 25% used [0x00000000ead80000,0x00000000eada0000,0x00000000eae00000)
  to   space 512K, 0% used [0x00000000ead00000,0x00000000ead00000,0x00000000ead80000)
 ParOldGen       total 134656K, used 122201K [0x00000000c0000000, 0x00000000c8380000, 0x00000000eab00000)
  object space 134656K, 90% used [0x00000000c0000000,0x00000000c7756688,0x00000000c8380000)
 Metaspace       used 99495K, committed 100928K, reserved 1179648K
  class space    used 10332K, committed 11072K, reserved 1048576K
}
Event: 2334,203 GC heap after
{Heap after GC invocations=2405 (full 49):
 PSYoungGen      total 2048K, used 96K [0x00000000eab00000, 0x00000000eae00000, 0x0000000100000000)
  eden space 1536K, 0% used [0x00000000eab00000,0x00000000eab00000,0x00000000eac80000)
  from space 512K, 18% used [0x00000000ead00000,0x00000000ead18000,0x00000000ead80000)
  to   space 512K, 0% used [0x00000000ead80000,0x00000000ead80000,0x00000000eae00000)
 ParOldGen       total 134656K, used 122225K [0x00000000c0000000, 0x00000000c8380000, 0x00000000eab00000)
  object space 134656K, 90% used [0x00000000c0000000,0x00000000c775c688,0x00000000c8380000)
 Metaspace       used 99495K, committed 100928K, reserved 1179648K
  class space    used 10332K, committed 11072K, reserved 1048576K
}
Event: 2334,626 GC heap before
{Heap before GC invocations=2406 (full 49):
 PSYoungGen      total 2048K, used 1632K [0x00000000eab00000, 0x00000000eae00000, 0x0000000100000000)
  eden space 1536K, 100% used [0x00000000eab00000,0x00000000eac80000,0x00000000eac80000)
  from space 512K, 18% used [0x00000000ead00000,0x00000000ead18000,0x00000000ead80000)
  to   space 512K, 0% used [0x00000000ead80000,0x00000000ead80000,0x00000000eae00000)
 ParOldGen       total 134656K, used 122225K [0x00000000c0000000, 0x00000000c8380000, 0x00000000eab00000)
  object space 134656K, 90% used [0x00000000c0000000,0x00000000c775c688,0x00000000c8380000)
 Metaspace       used 99495K, committed 100928K, reserved 1179648K
  class space    used 10332K, committed 11072K, reserved 1048576K
}
Event: 2334,628 GC heap after
{Heap after GC invocations=2406 (full 49):
 PSYoungGen      total 2048K, used 432K [0x00000000eab00000, 0x00000000eae00000, 0x0000000100000000)
  eden space 1536K, 0% used [0x00000000eab00000,0x00000000eab00000,0x00000000eac80000)
  from space 512K, 84% used [0x00000000ead80000,0x00000000eadec030,0x00000000eae00000)
  to   space 512K, 0% used [0x00000000ead00000,0x00000000ead00000,0x00000000ead80000)
 ParOldGen       total 134656K, used 122241K [0x00000000c0000000, 0x00000000c8380000, 0x00000000eab00000)
  object space 134656K, 90% used [0x00000000c0000000,0x00000000c7760688,0x00000000c8380000)
 Metaspace       used 99495K, committed 100928K, reserved 1179648K
  class space    used 10332K, committed 11072K, reserved 1048576K
}
Event: 2334,645 GC heap before
{Heap before GC invocations=2407 (full 49):
 PSYoungGen      total 2048K, used 1968K [0x00000000eab00000, 0x00000000eae00000, 0x0000000100000000)
  eden space 1536K, 100% used [0x00000000eab00000,0x00000000eac80000,0x00000000eac80000)
  from space 512K, 84% used [0x00000000ead80000,0x00000000eadec030,0x00000000eae00000)
  to   space 512K, 0% used [0x00000000ead00000,0x00000000ead00000,0x00000000ead80000)
 ParOldGen       total 134656K, used 122241K [0x00000000c0000000, 0x00000000c8380000, 0x00000000eab00000)
  object space 134656K, 90% used [0x00000000c0000000,0x00000000c7760688,0x00000000c8380000)
 Metaspace       used 99495K, committed 100928K, reserved 1179648K
  class space    used 10332K, committed 11072K, reserved 1048576K
}
Event: 2334,646 GC heap after
{Heap after GC invocations=2407 (full 49):
 PSYoungGen      total 2048K, used 128K [0x00000000eab00000, 0x00000000eae00000, 0x0000000100000000)
  eden space 1536K, 0% used [0x00000000eab00000,0x00000000eab00000,0x00000000eac80000)
  from space 512K, 25% used [0x00000000ead00000,0x00000000ead20000,0x00000000ead80000)
  to   space 512K, 0% used [0x00000000ead80000,0x00000000ead80000,0x00000000eae00000)
 ParOldGen       total 134656K, used 122260K [0x00000000c0000000, 0x00000000c8380000, 0x00000000eab00000)
  object space 134656K, 90% used [0x00000000c0000000,0x00000000c77651a0,0x00000000c8380000)
 Metaspace       used 99495K, committed 100928K, reserved 1179648K
  class space    used 10332K, committed 11072K, reserved 1048576K
}

